2025-12-03 01:12:20, MOVE, v:1, k:poo@agenda, mode:PICK
2025-12-03 01:12:21, EXEC, v:1, k:poo@agenda, mode:FULL, rate:0, size:165
2025-12-03 01:12:23, MOVE, v:1, k:poo@agenda, mode:BACK
2025-12-03 18:05:13, MOVE, v:1, k:poo@agenda, mode:PICK
2025-12-03 18:05:14, EXEC, v:1, k:poo@agenda, mode:FULL, rate:0, size:166
2025-12-03 18:17:10, EXEC, v:1, k:poo@agenda, mode:FULL, rate:0
2025-12-03 18:19:38, EXEC, v:1, k:poo@agenda, mode:FULL, rate:0, size:166
2025-12-03 18:21:29, EXEC, v:1, k:poo@agenda, mode:FULL, rate:0, size:167
2025-12-03 18:25:38, EXEC, v:1, k:poo@agenda, mode:FULL, rate:0, size:171
2025-12-03 18:32:03, EXEC, v:1, k:poo@agenda, mode:FULL, rate:0, size:174
2025-12-03 18:32:07, EXEC, v:1, k:poo@agenda, mode:FULL, rate:0
2025-12-03 18:32:08, EXEC, v:1, k:poo@agenda, mode:FULL, rate:0
2025-12-03 18:32:08, EXEC, v:1, k:poo@agenda, mode:FULL, rate:0
2025-12-03 18:33:24, EXEC, v:1, k:poo@agenda, mode:FULL, rate:0, size:174
2025-12-03 18:35:33, EXEC, v:1, k:poo@agenda, mode:FREE, size:176
2025-12-03 18:36:07, EXEC, v:1, k:poo@agenda, mode:FULL, rate:0
2025-12-03 18:36:07, EXEC, v:1, k:poo@agenda, mode:FULL, rate:0
2025-12-03 18:36:09, EXEC, v:1, k:poo@agenda, mode:FREE
2025-12-03 18:36:19, EXEC, v:1, k:poo@agenda, mode:FULL, rate:0
2025-12-03 18:51:45, EXEC, v:1, k:poo@agenda, mode:FULL, rate:0, size:176
2025-12-03 18:51:46, EXEC, v:1, k:poo@agenda, mode:FULL, rate:0
2025-12-03 18:51:47, MOVE, v:1, k:poo@agenda, mode:BACK
2025-12-03 18:52:06, MOVE, v:1, k:poo@agenda, mode:PICK
2025-12-03 19:01:27, EXEC, v:1, k:poo@agenda, mode:FULL, rate:0, size:173
2025-12-03 19:01:59, EXEC, v:1, k:poo@agenda, mode:FULL, rate:0, size:170
2025-12-03 19:12:21, EXEC, v:1, k:poo@agenda, mode:FULL, rate:0, size:170
2025-12-03 19:12:28, EXEC, v:1, k:poo@agenda, mode:FULL, rate:0, size:170
2025-12-03 19:12:29, MOVE, v:1, k:poo@agenda, mode:BACK
2025-12-03 19:12:51, MOVE, v:1, k:poo@agenda, mode:PICK
2025-12-03 19:19:19, EXEC, v:1, k:poo@agenda, mode:FULL, rate:0, size:175
2025-12-03 19:28:38, EXEC, v:1, k:poo@agenda, mode:FULL, rate:0, size:178
2025-12-03 19:32:29, EXEC, v:1, k:poo@agenda, mode:FULL, rate:0, size:186
2025-12-03 19:42:47, EXEC, v:1, k:poo@agenda, mode:FULL, rate:0, size:195
